Mon, 27 Aug 2018 15:54:20 acrn_request.py[line:99] INFO merge_num_list [1099, 1100, 1103]
Mon, 27 Aug 2018 15:54:20 acrn_request.py[line:100] INFO read_num_list [1099, 1100, 1103]
Mon, 27 Aug 2018 15:55:24 acrn_request.py[line:103] INFO merge_num_list [1099, 1100, 1103]
Mon, 27 Aug 2018 15:55:24 acrn_request.py[line:104] INFO read_num_list [1099, 1100, 1103]
Mon, 27 Aug 2018 16:45:20 acrn_request.py[line:104] INFO merge_num_list [1099, 1100, 1103]
Mon, 27 Aug 2018 16:45:20 acrn_request.py[line:105] INFO read_num_list [1099, 1100, 1103]
Mon, 27 Aug 2018 16:49:14 acrn_request.py[line:104] INFO merge_num_list [1099, 1100, 1103]
Mon, 27 Aug 2018 16:49:14 acrn_request.py[line:105] INFO read_num_list [1099, 1100, 1103]
Mon, 27 Aug 2018 17:00:24 acrn_request.py[line:104] INFO merge_num_list [1099, 1100, 1103]
Mon, 27 Aug 2018 17:00:24 acrn_request.py[line:105] INFO read_num_list [1099, 1100, 1103]
Tue, 28 Aug 2018 09:07:04 acrn_request.py[line:104] INFO merge_num_list [1099, 1100, 1103, 1104, 1106]
Tue, 28 Aug 2018 09:07:04 acrn_request.py[line:105] INFO read_num_list [1099, 1100, 1103]
Tue, 28 Aug 2018 09:07:04 acrn_request.py[line:107] INFO 可以rebase编号：[1099, 1100, 1103, 1104, 1106]
Tue, 28 Aug 2018 09:07:04 acrn_request.py[line:119] INFO 修改成功
Tue, 28 Aug 2018 09:07:04 acrn_request.py[line:119] INFO 修改成功
Tue, 28 Aug 2018 09:28:32 acrn_request.py[line:103] INFO merge_num_list [1099, 1100, 1103, 1104, 1106]
Tue, 28 Aug 2018 09:28:32 acrn_request.py[line:104] INFO read_num_list [1099, 1100, 1103, 1104, 1106]
Tue, 28 Aug 2018 12:16:31 acrn_request.py[line:104] INFO merge_num_list [1099, 1100, 1103, 1106]
Tue, 28 Aug 2018 12:16:31 acrn_request.py[line:105] INFO read_num_list [1099, 1100, 1103, 1104, 1106]
Tue, 28 Aug 2018 12:16:31 acrn_request.py[line:107] INFO 可以rebase编号：[1099, 1100, 1103, 1106]
Wed, 29 Aug 2018 11:09:54 acrn_request.py[line:116] INFO merge_num_list [1099, 1100]
Wed, 29 Aug 2018 11:09:54 acrn_request.py[line:117] INFO read_num_list [1099, 1100, 1103, 1106]
Wed, 29 Aug 2018 11:09:54 acrn_request.py[line:120] INFO 可以rebase编号：[1099, 1100]
Wed, 29 Aug 2018 11:09:55 acrn_request.py[line:47] INFO send suess
Fri, 31 Aug 2018 11:18:34 acrn_request.py[line:115] INFO 未找到mail 邮件发给谁
Fri, 31 Aug 2018 11:18:35 acrn_request.py[line:51] INFO send suess
Fri, 31 Aug 2018 11:18:37 acrn_request.py[line:51] INFO send suess
Fri, 31 Aug 2018 11:18:39 acrn_request.py[line:154] INFO checkon OK
Fri, 31 Aug 2018 11:18:41 acrn_request.py[line:51] INFO send suess
Fri, 31 Aug 2018 11:18:43 acrn_request.py[line:154] INFO checkon OK
Fri, 31 Aug 2018 11:18:44 acrn_request.py[line:154] INFO checkon OK
Fri, 31 Aug 2018 11:18:47 acrn_request.py[line:51] INFO send suess
Fri, 31 Aug 2018 11:18:49 acrn_request.py[line:154] INFO checkon OK
Fri, 31 Aug 2018 11:18:50 acrn_request.py[line:154] INFO checkon OK
Fri, 31 Aug 2018 11:18:53 acrn_request.py[line:51] INFO send suess
Fri, 31 Aug 2018 11:18:56 acrn_request.py[line:51] INFO send suess
Fri, 31 Aug 2018 11:18:56 acrn_request.py[line:187] INFO merge_num_list [1100, 1109, 1112, 1113]
Fri, 31 Aug 2018 11:18:56 acrn_request.py[line:188] INFO read_num_list [1099, 1100]
Fri, 31 Aug 2018 11:18:56 acrn_request.py[line:191] INFO 可以rebase编号：[1100, 1109, 1112, 1113]
Fri, 31 Aug 2018 11:18:58 acrn_request.py[line:51] INFO send suess
Fri, 31 Aug 2018 11:18:58 acrn_request.py[line:203] INFO 修改成功
Fri, 31 Aug 2018 11:18:59 acrn_request.py[line:203] INFO 修改成功
Fri, 31 Aug 2018 11:19:00 acrn_request.py[line:203] INFO 修改成功
Fri, 31 Aug 2018 14:05:22 acrn_request.py[line:190] INFO merge_num_list [1100, 1109, 1112, 1113]
Fri, 31 Aug 2018 14:05:22 acrn_request.py[line:191] INFO read_num_list [1100, 1109, 1112, 1113]
Fri, 31 Aug 2018 14:53:57 acrn_request.py[line:154] INFO checkon OK
Fri, 31 Aug 2018 14:54:00 acrn_request.py[line:154] INFO checkon OK
Fri, 31 Aug 2018 14:54:02 acrn_request.py[line:154] INFO checkon OK
Fri, 31 Aug 2018 14:54:05 acrn_request.py[line:154] INFO checkon OK
Fri, 31 Aug 2018 14:54:06 acrn_request.py[line:154] INFO checkon OK
Fri, 31 Aug 2018 14:57:58 acrn_request.py[line:154] INFO checkon OK
Fri, 31 Aug 2018 14:58:01 acrn_request.py[line:154] INFO checkon OK
Fri, 31 Aug 2018 14:58:03 acrn_request.py[line:154] INFO checkon OK
Fri, 31 Aug 2018 14:58:06 acrn_request.py[line:154] INFO checkon OK
Fri, 31 Aug 2018 14:58:07 acrn_request.py[line:154] INFO checkon OK
Fri, 31 Aug 2018 14:58:10 acrn_request.py[line:192] INFO merge_num_list [1100, 1109, 1112, 1113]
Fri, 31 Aug 2018 14:58:10 acrn_request.py[line:193] INFO read_num_list [1100, 1109, 1112, 1113]
Fri, 31 Aug 2018 15:03:03 acrn_request.py[line:122] INFO 找到mail发邮件
Fri, 31 Aug 2018 15:03:04 acrn_request.py[line:122] INFO 找到mail发邮件
Fri, 31 Aug 2018 15:03:05 acrn_request.py[line:154] INFO checkon OK
Fri, 31 Aug 2018 15:03:06 acrn_request.py[line:122] INFO 找到mail发邮件
Fri, 31 Aug 2018 15:03:08 acrn_request.py[line:154] INFO checkon OK
Fri, 31 Aug 2018 15:03:09 acrn_request.py[line:154] INFO checkon OK
Fri, 31 Aug 2018 15:03:10 acrn_request.py[line:122] INFO 找到mail发邮件
Fri, 31 Aug 2018 15:03:12 acrn_request.py[line:154] INFO checkon OK
Fri, 31 Aug 2018 15:03:14 acrn_request.py[line:154] INFO checkon OK
Fri, 31 Aug 2018 15:03:15 acrn_request.py[line:122] INFO 找到mail发邮件
Fri, 31 Aug 2018 15:03:16 acrn_request.py[line:122] INFO 找到mail发邮件
Fri, 31 Aug 2018 15:11:42 acrn_request.py[line:122] INFO 找到mail发邮件
Fri, 31 Aug 2018 15:11:43 acrn_request.py[line:122] INFO 找到mail发邮件
Fri, 31 Aug 2018 15:11:45 acrn_request.py[line:154] INFO checkon OK
Fri, 31 Aug 2018 15:11:46 acrn_request.py[line:122] INFO 找到mail发邮件
Fri, 31 Aug 2018 15:11:49 acrn_request.py[line:154] INFO checkon OK
Fri, 31 Aug 2018 15:11:50 acrn_request.py[line:122] INFO 找到mail发邮件
Fri, 31 Aug 2018 15:11:52 acrn_request.py[line:154] INFO checkon OK
Fri, 31 Aug 2018 15:11:54 acrn_request.py[line:154] INFO checkon OK
Fri, 31 Aug 2018 15:11:55 acrn_request.py[line:122] INFO 找到mail发邮件
Fri, 31 Aug 2018 15:11:56 acrn_request.py[line:122] INFO 找到mail发邮件
Fri, 31 Aug 2018 15:11:57 acrn_request.py[line:193] INFO merge_num_list [1100, 1109, 1112, 1113]
Fri, 31 Aug 2018 15:11:57 acrn_request.py[line:194] INFO read_num_list [1100, 1109, 1112, 1113]
Fri, 31 Aug 2018 15:15:34 acrn_request.py[line:122] INFO 找到mail发邮件
Fri, 31 Aug 2018 15:15:35 acrn_request.py[line:122] INFO 找到mail发邮件
Fri, 31 Aug 2018 15:15:36 acrn_request.py[line:155] INFO checkon OK
Fri, 31 Aug 2018 15:15:37 acrn_request.py[line:122] INFO 找到mail发邮件
Fri, 31 Aug 2018 15:15:41 acrn_request.py[line:155] INFO checkon OK
Fri, 31 Aug 2018 15:15:42 acrn_request.py[line:122] INFO 找到mail发邮件
Fri, 31 Aug 2018 15:15:43 acrn_request.py[line:155] INFO checkon OK
Fri, 31 Aug 2018 15:15:45 acrn_request.py[line:155] INFO checkon OK
Fri, 31 Aug 2018 15:15:46 acrn_request.py[line:122] INFO 找到mail发邮件
Fri, 31 Aug 2018 15:15:47 acrn_request.py[line:122] INFO 找到mail发邮件
Fri, 31 Aug 2018 15:15:48 acrn_request.py[line:194] INFO merge_num_list [1100, 1109, 1112, 1113]
Fri, 31 Aug 2018 15:15:48 acrn_request.py[line:195] INFO read_num_list [1100, 1109, 1112, 1113]
Fri, 31 Aug 2018 15:17:02 acrn_request.py[line:122] INFO 找到mail发邮件
Fri, 31 Aug 2018 15:17:03 acrn_request.py[line:122] INFO 找到mail发邮件
Fri, 31 Aug 2018 15:17:05 acrn_request.py[line:155] INFO checkon OK
Fri, 31 Aug 2018 15:17:06 acrn_request.py[line:122] INFO 找到mail发邮件
Fri, 31 Aug 2018 15:17:07 acrn_request.py[line:141] INFO 未找到ID发邮件 需要发送给5个人
Fri, 31 Aug 2018 15:17:09 acrn_request.py[line:155] INFO checkon OK
Fri, 31 Aug 2018 15:17:10 acrn_request.py[line:122] INFO 找到mail发邮件
Fri, 31 Aug 2018 15:17:12 acrn_request.py[line:155] INFO checkon OK
Fri, 31 Aug 2018 15:17:14 acrn_request.py[line:155] INFO checkon OK
Fri, 31 Aug 2018 15:17:15 acrn_request.py[line:122] INFO 找到mail发邮件
Fri, 31 Aug 2018 15:17:17 acrn_request.py[line:122] INFO 找到mail发邮件
Fri, 31 Aug 2018 15:17:17 acrn_request.py[line:194] INFO merge_num_list [1100, 1109, 1112, 1113]
Fri, 31 Aug 2018 15:17:17 acrn_request.py[line:195] INFO read_num_list [1100, 1109, 1112, 1113]
